{"name": "test_products_group", "status": "skipped", "statusDetails": {"message": "XFAIL Wait for fix bug\n\nselenium.common.exceptions.ElementClickInterceptedException: Message: element click intercepted: Element <a href=\"https://testqastudio.me?products_group=sale\" class=\"tab-sale \">...</a> is not clickable at point (708, 682). Other element would receive the click: <div class=\"catalog-toolbar-tabs__content\">...</div>\n  (Session info: chrome=117.0.5938.132)\nStacktrace:\n\tGetHandleVerifier [0x00007FF7B43D7892+54818]\n\t(No symbol) [0x00007FF7B4346AC2]\n\t(No symbol) [0x00007FF7B41FDA3B]\n\t(No symbol) [0x00007FF7B42447CB]\n\t(No symbol) [0x00007FF7B4242B99]\n\t(No symbol) [0x00007FF7B4240968]\n\t(No symbol) [0x00007FF7B423FA23]\n\t(No symbol) [0x00007FF7B423571F]\n\t(No symbol) [0x00007FF7B425EAAA]\n\t(No symbol) [0x00007FF7B4235036]\n\t(No symbol) [0x00007FF7B425ECC0]\n\t(No symbol) [0x00007FF7B42775A2]\n\t(No symbol) [0x00007FF7B425E883]\n\t(No symbol) [0x00007FF7B4233691]\n\t(No symbol) [0x00007FF7B42348D4]\n\tGetHandleVerifier [0x00007FF7B473B992+3610402]\n\tGetHandleVerifier [0x00007FF7B4791860+3962352]\n\tGetHandleVerifier [0x00007FF7B4789D4F+3930847]\n\tGetHandleVerifier [0x00007FF7B4473646+693206]\n\t(No symbol) [0x00007FF7B4351628]\n\t(No symbol) [0x00007FF7B434D934]\n\t(No symbol) [0x00007FF7B434DA62]\n\t(No symbol) [0x00007FF7B433E113]\n\tBaseThreadInitThunk [0x00007FFF6516257D+29]\n\tRtlUserThreadStart [0x00007FFF66F6AA68+40]", "trace": "tests\\test_shop.py:48: in test_products_group\n    element.click()\n        browser    = <selenium.webdriver.chrome.webdriver.WebDriver (session=\"feed73abfa62a1e74ff09089fa67bd1f\")>\n        element    = <selenium.webdriver.remote.webelement.WebElement (session=\"feed73abfa62a1e74ff09089fa67bd1f\", element=\"56A515BD94555E91DF089DDF9EAB2A95_element_96\")>\n        elements   = [<selenium.webdriver.remote.webelement.WebElement (session=\"feed73abfa62a1e74ff09089fa67bd1f\", element=\"B538CE0433CA71...lement.WebElement (session=\"feed73abfa62a1e74ff09089fa67bd1f\", element=\"B538CE0433CA71B4941AE20BE610B652_element_48\")>]\n        expected_menu = [('Все', '', \"[class='tab-all active']\"), ('Бестселлеры', '/?products_group=best_sellers', \"[class='tab-best_sellers '... '/?products_group=new', \"[class='tab-new ']\"), ('Распродажа товаров', '/?products_group=sale', \"[class='tab-sale ']\")]\n        item       = ('Распродажа товаров', '/?products_group=sale', \"[class='tab-sale ']\")\n        menu_element = \"[class='catalog-toolbar-tabs__content'] a\"\nC:\\Python311\\Lib\\site-packages\\selenium\\webdriver\\remote\\webelement.py:93: in click\n    self._execute(Command.CLICK_ELEMENT)\n        self       = <selenium.webdriver.remote.webelement.WebElement (session=\"feed73abfa62a1e74ff09089fa67bd1f\", element=\"56A515BD94555E91DF089DDF9EAB2A95_element_96\")>\nC:\\Python311\\Lib\\site-packages\\selenium\\webdriver\\remote\\webelement.py:394: in _execute\n    return self._parent.execute(command, params)\n        command    = 'clickElement'\n        params     = {'id': '56A515BD94555E91DF089DDF9EAB2A95_element_96'}\n        self       = <selenium.webdriver.remote.webelement.WebElement (session=\"feed73abfa62a1e74ff09089fa67bd1f\", element=\"56A515BD94555E91DF089DDF9EAB2A95_element_96\")>\nC:\\Python311\\Lib\\site-packages\\selenium\\webdriver\\remote\\webdriver.py:344: in execute\n    self.error_handler.check_response(response)\n        driver_command = 'clickElement'\n        params     = {}\n        response   = {'status': 400, 'value': '{\"value\":{\"error\":\"element click intercepted\",\"message\":\"element click intercepted: Element ...07FF7B433E113]\\\\n\\\\tBaseThreadInitThunk [0x00007FFF6516257D+29]\\\\n\\\\tRtlUserThreadStart [0x00007FFF66F6AA68+40]\\\\n\"}}'}\n        self       = <selenium.webdriver.chrome.webdriver.WebDriver (session=\"feed73abfa62a1e74ff09089fa67bd1f\")>\nC:\\Python311\\Lib\\site-packages\\selenium\\webdriver\\remote\\errorhandler.py:229: in check_response\n    raise exception_class(message, screen, stacktrace)\nE   selenium.common.exceptions.ElementClickInterceptedException: Message: element click intercepted: Element <a href=\"https://testqastudio.me?products_group=sale\" class=\"tab-sale \">...</a> is not clickable at point (708, 682). Other element would receive the click: <div class=\"catalog-toolbar-tabs__content\">...</div>\nE     (Session info: chrome=117.0.5938.132)\nE   Stacktrace:\nE   \tGetHandleVerifier [0x00007FF7B43D7892+54818]\nE   \t(No symbol) [0x00007FF7B4346AC2]\nE   \t(No symbol) [0x00007FF7B41FDA3B]\nE   \t(No symbol) [0x00007FF7B42447CB]\nE   \t(No symbol) [0x00007FF7B4242B99]\nE   \t(No symbol) [0x00007FF7B4240968]\nE   \t(No symbol) [0x00007FF7B423FA23]\nE   \t(No symbol) [0x00007FF7B423571F]\nE   \t(No symbol) [0x00007FF7B425EAAA]\nE   \t(No symbol) [0x00007FF7B4235036]\nE   \t(No symbol) [0x00007FF7B425ECC0]\nE   \t(No symbol) [0x00007FF7B42775A2]\nE   \t(No symbol) [0x00007FF7B425E883]\nE   \t(No symbol) [0x00007FF7B4233691]\nE   \t(No symbol) [0x00007FF7B42348D4]\nE   \tGetHandleVerifier [0x00007FF7B473B992+3610402]\nE   \tGetHandleVerifier [0x00007FF7B4791860+3962352]\nE   \tGetHandleVerifier [0x00007FF7B4789D4F+3930847]\nE   \tGetHandleVerifier [0x00007FF7B4473646+693206]\nE   \t(No symbol) [0x00007FF7B4351628]\nE   \t(No symbol) [0x00007FF7B434D934]\nE   \t(No symbol) [0x00007FF7B434DA62]\nE   \t(No symbol) [0x00007FF7B433E113]\nE   \tBaseThreadInitThunk [0x00007FFF6516257D+29]\nE   \tRtlUserThreadStart [0x00007FFF66F6AA68+40]\n        e          = <selenium.webdriver.remote.errorhandler.ErrorCode object at 0x000001F0F9A2F190>\n        error_code = 'ELEMENT_CLICK_INTERCEPTED'\n        error_codes = ['ELEMENT_CLICK_INTERCEPTED', 'ELEMENT_IS_NOT_SELECTABLE', 'ELEMENT_NOT_INTERACTABLE', 'ELEMENT_NOT_VISIBLE', 'IME_ENGINE_ACTIVATION_FAILED', 'IME_NOT_AVAILABLE', ...]\n        error_info = [64, 'element click intercepted']\n        exception_class = <class 'selenium.common.exceptions.ElementClickInterceptedException'>\n        json       = <module 'json' from 'C:\\\\Python311\\\\Lib\\\\json\\\\__init__.py'>\n        message    = 'element click intercepted: Element <a href=\"https://testqastudio.me?products_group=sale\" class=\"tab-sale \">...</a> is...would receive the click: <div class=\"catalog-toolbar-tabs__content\">...</div>\\n  (Session info: chrome=117.0.5938.132)'\n        response   = {'status': 400, 'value': '{\"value\":{\"error\":\"element click intercepted\",\"message\":\"element click intercepted: Element ...07FF7B433E113]\\\\n\\\\tBaseThreadInitThunk [0x00007FFF6516257D+29]\\\\n\\\\tRtlUserThreadStart [0x00007FFF66F6AA68+40]\\\\n\"}}'}\n        screen     = None\n        self       = <selenium.webdriver.remote.errorhandler.ErrorHandler object at 0x000001F0F9A0C050>\n        st_value   = '\\tGetHandleVerifier [0x00007FF7B43D7892+54818]\\n\\t(No symbol) [0x00007FF7B4346AC2]\\n\\t(No symbol) [0x00007FF7B41FDA3B...l) [0x00007FF7B433E113]\\n\\tBaseThreadInitThunk [0x00007FFF6516257D+29]\\n\\tRtlUserThreadStart [0x00007FFF66F6AA68+40]\\n'\n        stacktrace = ['\\tGetHandleVerifier [0x00007FF7B43D7892+54818]', '\\t(No symbol) [0x00007FF7B4346AC2]', '\\t(No symbol) [0x00007FF7B41... '\\t(No symbol) [0x00007FF7B42447CB]', '\\t(No symbol) [0x00007FF7B4242B99]', '\\t(No symbol) [0x00007FF7B4240968]', ...]\n        status     = 'element click intercepted'\n        value      = {'error': 'element click intercepted', 'message': 'element click intercepted: Element <a href=\"https://testqastudio.me...) [0x00007FF7B433E113]\\n\\tBaseThreadInitThunk [0x00007FFF6516257D+29]\\n\\tRtlUserThreadStart [0x00007FFF66F6AA68+40]\\n'}\n        value_json = '{\"value\":{\"error\":\"element click intercepted\",\"message\":\"element click intercepted: Element \\\\u003Ca href=\\\\\"https://...007FF7B433E113]\\\\n\\\\tBaseThreadInitThunk [0x00007FFF6516257D+29]\\\\n\\\\tRtlUserThreadStart [0x00007FFF66F6AA68+40]\\\\n\"}}'"}, "description": "\n    Test case TC-2\n    ", "start": 1696225310995, "stop": 1696225319121, "uuid": "a74429f8-017e-48a8-9add-8661b9565ce1", "historyId": "4fdd6adba16e950b161eae73ef4ccb14", "testCaseId": "4fdd6adba16e950b161eae73ef4ccb14", "fullName": "tests.test_shop#test_products_group", "labels": [{"name": "tag", "value": "@pytest.mark.xfail(reason='Wait for fix bug')"}, {"name": "parentSuite", "value": "tests"}, {"name": "suite", "value": "test_shop"}, {"name": "host", "value": "dudasLegion"}, {"name": "thread", "value": "22944-MainThread"}, {"name": "framework", "value": "pytest"}, {"name": "language", "value": "cpython3"}, {"name": "package", "value": "tests.test_shop"}]}